[2020-10-16 18:03:00] production.DEBUG: SHOW FULL TABLES WHERE table_type = 'BASE TABLE' {"params":[],"time":5.80999999999999960920149533194489777088165283203125} 
[2020-10-16 18:03:00] production.DEBUG: select * from information_schema.tables where table_schema = ? and table_name = ? and table_type = 'BASE TABLE' {"params":["noticianahora_aposta","migrations"],"time":0.729999999999999982236431605997495353221893310546875} 
[2020-10-16 18:03:00] production.DEBUG: create table `migrations` (`id` int unsigned not null auto_increment primary key, `migration` varchar(255) not null, `batch` int not null) default character set utf8 collate 'utf8_unicode_ci' engine = InnoDB {"params":[],"time":11.1400000000000005684341886080801486968994140625} 
[2020-10-16 18:03:00] production.DEBUG: select `migration` from `migrations` order by `batch` asc, `migration` asc {"params":[],"time":0.7399999999999999911182158029987476766109466552734375} 
[2020-10-16 18:03:00] production.DEBUG: select max(`batch`) as aggregate from `migrations` {"params":[],"time":2.029999999999999804600747665972448885440826416015625} 
[2020-10-16 18:03:00] production.DEBUG: create table `users` (`id` bigint unsigned not null auto_increment primary key, `referrer_id` bigint unsigned null, `name` varchar(100) not null, `email` varchar(255) not null, `role` tinyint unsigned not null, `status` tinyint unsigned not null, `avatar` varchar(100) null, `password` varchar(255) not null, `remember_token` varchar(100) null, `totp_secret` varchar(300) null, `last_login_from` varchar(45) null, `last_login_at` datetime null, `email_verified_at` timestamp null, `created_at` timestamp null, `updated_at` timestamp null) default character set utf8 collate 'utf8_unicode_ci' engine = InnoDB {"params":[],"time":4.46999999999999975131004248396493494510650634765625} 
[2020-10-16 18:03:00] production.DEBUG: alter table `users` add index `users_role_index`(`role`) {"params":[],"time":6.37999999999999989341858963598497211933135986328125} 
[2020-10-16 18:03:00] production.DEBUG: alter table `users` add index `users_status_index`(`status`) {"params":[],"time":3.279999999999999804600747665972448885440826416015625} 
[2020-10-16 18:03:00] production.DEBUG: alter table `users` add constraint `users_referrer_id_foreign` foreign key (`referrer_id`) references `users` (`id`) on delete cascade on update cascade {"params":[],"time":20.160000000000000142108547152020037174224853515625} 
[2020-10-16 18:03:00] production.DEBUG: alter table `users` add unique `users_name_unique`(`name`) {"params":[],"time":25.46000000000000085265128291212022304534912109375} 
[2020-10-16 18:03:00] production.DEBUG: alter table `users` add unique `users_email_unique`(`email`) {"params":[],"time":4.1699999999999999289457264239899814128875732421875} 
[2020-10-16 18:03:00] production.DEBUG: insert into `migrations` (`migration`, `batch`) values (?, ?) {"params":["2014_10_12_000000_create_users_table",1],"time":1.2199999999999999733546474089962430298328399658203125} 
[2020-10-16 18:03:00] production.DEBUG: create table `password_resets` (`email` varchar(255) not null, `token` varchar(255) not null, `created_at` timestamp null) default character set utf8 collate 'utf8_unicode_ci' engine = InnoDB {"params":[],"time":4.2400000000000002131628207280300557613372802734375} 
[2020-10-16 18:03:00] production.DEBUG: alter table `password_resets` add index `password_resets_email_index`(`email`) {"params":[],"time":3.5} 
[2020-10-16 18:03:00] production.DEBUG: insert into `migrations` (`migration`, `batch`) values (?, ?) {"params":["2014_10_12_100000_create_password_resets_table",1],"time":1.439999999999999946709294817992486059665679931640625} 
[2020-10-16 18:03:00] production.DEBUG: create table `social_profiles` (`id` bigint unsigned not null auto_increment primary key, `user_id` bigint unsigned not null, `provider_name` varchar(50) not null, `provider_user_id` varchar(255) not null, `created_at` timestamp null, `updated_at` timestamp null) default character set utf8 collate 'utf8_unicode_ci' engine = InnoDB {"params":[],"time":5.6500000000000003552713678800500929355621337890625} 
[2020-10-16 18:03:00] production.DEBUG: alter table `social_profiles` add constraint `social_profiles_user_id_foreign` foreign key (`user_id`) references `users` (`id`) on delete cascade on update cascade {"params":[],"time":11.0299999999999993605115378159098327159881591796875} 
[2020-10-16 18:03:00] production.DEBUG: alter table `social_profiles` add unique `social_profiles_provider_name_provider_user_id_unique`(`provider_name`, `provider_user_id`) {"params":[],"time":4.6699999999999999289457264239899814128875732421875} 
[2020-10-16 18:03:00] production.DEBUG: insert into `migrations` (`migration`, `batch`) values (?, ?) {"params":["2019_10_03_100000_create_social_profiles_table",1],"time":1.600000000000000088817841970012523233890533447265625} 
[2020-10-16 18:03:00] production.DEBUG: create table `accounts` (`id` bigint unsigned not null auto_increment primary key, `user_id` bigint unsigned not null, `balance` decimal(20, 2) not null default '0', `created_at` timestamp null, `updated_at` timestamp null) default character set utf8 collate 'utf8_unicode_ci' engine = InnoDB {"params":[],"time":4.839999999999999857891452847979962825775146484375} 
[2020-10-16 18:03:00] production.DEBUG: alter table `accounts` add constraint `accounts_user_id_foreign` foreign key (`user_id`) references `users` (`id`) on delete cascade on update cascade {"params":[],"time":11.96000000000000085265128291212022304534912109375} 
[2020-10-16 18:03:00] production.DEBUG: insert into `migrations` (`migration`, `batch`) values (?, ?) {"params":["2019_11_01_000000_create_accounts_table",1],"time":1.0} 
[2020-10-16 18:03:00] production.DEBUG: create table `account_transactions` (`id` bigint unsigned not null auto_increment primary key, `account_id` bigint unsigned not null, `amount` decimal(20, 2) not null, `balance` decimal(20, 2) not null, `transactionable_type` varchar(255) not null, `transactionable_id` bigint unsigned not null, `created_at` timestamp null, `updated_at` timestamp null) default character set utf8 collate 'utf8_unicode_ci' engine = InnoDB {"params":[],"time":4.95999999999999996447286321199499070644378662109375} 
[2020-10-16 18:03:00] production.DEBUG: alter table `account_transactions` add index `account_transactions_morph`(`transactionable_type`, `transactionable_id`) {"params":[],"time":5.589999999999999857891452847979962825775146484375} 
[2020-10-16 18:03:00] production.DEBUG: alter table `account_transactions` add constraint `account_transactions_account_id_foreign` foreign key (`account_id`) references `accounts` (`id`) on delete cascade on update cascade {"params":[],"time":15.25} 
[2020-10-16 18:03:00] production.DEBUG: insert into `migrations` (`migration`, `batch`) values (?, ?) {"params":["2019_11_01_000001_create_account_transactions_table",1],"time":0.64000000000000001332267629550187848508358001708984375} 
[2020-10-16 18:03:00] production.DEBUG: create table `generic_account_transactions` (`id` bigint unsigned not null auto_increment primary key, `account_id` bigint unsigned not null, `type` mediumint unsigned not null, `amount` decimal(20, 2) not null, `created_at` timestamp null, `updated_at` timestamp null) default character set utf8 collate 'utf8_unicode_ci' engine = InnoDB {"params":[],"time":5.36000000000000031974423109204508364200592041015625} 
[2020-10-16 18:03:00] production.DEBUG: alter table `generic_account_transactions` add index `generic_account_transactions_type_index`(`type`) {"params":[],"time":3.720000000000000195399252334027551114559173583984375} 
[2020-10-16 18:03:01] production.DEBUG: alter table `generic_account_transactions` add constraint `generic_account_transactions_account_id_foreign` foreign key (`account_id`) references `accounts` (`id`) on delete cascade on update cascade {"params":[],"time":14.7200000000000006394884621840901672840118408203125} 
[2020-10-16 18:03:01] production.DEBUG: insert into `migrations` (`migration`, `batch`) values (?, ?) {"params":["2019_11_01_000002_create_generic_account_transactions_table",1],"time":1.3000000000000000444089209850062616169452667236328125} 
[2020-10-16 18:03:01] production.DEBUG: create table `provably_fair_games` (`id` bigint unsigned not null auto_increment primary key, `secret` varchar(500) not null, `server_seed` varchar(32) not null, `hash` varchar(64) not null, `client_seed` varchar(32) not null, `gameable_type` varchar(255) not null, `created_at` timestamp null, `updated_at` timestamp null) default character set utf8 collate 'utf8_unicode_ci' engine = InnoDB {"params":[],"time":3.839999999999999857891452847979962825775146484375} 
[2020-10-16 18:03:01] production.DEBUG: alter table `provably_fair_games` add unique `provably_fair_games_hash_gameable_type_unique`(`hash`, `gameable_type`) {"params":[],"time":2.87999999999999989341858963598497211933135986328125} 
[2020-10-16 18:03:01] production.DEBUG: alter table `provably_fair_games` add index `provably_fair_games_created_at_index`(`created_at`) {"params":[],"time":2.3300000000000000710542735760100185871124267578125} 
[2020-10-16 18:03:01] production.DEBUG: insert into `migrations` (`migration`, `batch`) values (?, ?) {"params":["2019_11_02_000000_create_provably_fair_games_table",1],"time":2.140000000000000124344978758017532527446746826171875} 
[2020-10-16 18:03:01] production.DEBUG: create table `games` (`id` bigint unsigned not null auto_increment primary key, `account_id` bigint unsigned not null, `provably_fair_game_id` bigint unsigned not null, `gameable_type` varchar(255) not null, `gameable_id` bigint unsigned not null, `bet` decimal(16, 2) not null, `win` decimal(16, 2) not null, `status` tinyint not null, `created_at` timestamp null, `updated_at` timestamp null) default character set utf8 collate 'utf8_unicode_ci' engine = InnoDB {"params":[],"time":6.4199999999999999289457264239899814128875732421875} 
[2020-10-16 18:03:01] production.DEBUG: alter table `games` add index `game_morph`(`gameable_type`, `gameable_id`) {"params":[],"time":3.79000000000000003552713678800500929355621337890625} 
[2020-10-16 18:03:01] production.DEBUG: alter table `games` add index `games_status_index`(`status`) {"params":[],"time":4.32000000000000028421709430404007434844970703125} 
[2020-10-16 18:03:01] production.DEBUG: alter table `games` add index `games_win_index`(`win`) {"params":[],"time":3.45000000000000017763568394002504646778106689453125} 
[2020-10-16 18:03:01] production.DEBUG: alter table `games` add index `games_created_at_index`(`created_at`) {"params":[],"time":2.7599999999999997868371792719699442386627197265625} 
[2020-10-16 18:03:01] production.DEBUG: alter table `games` add constraint `games_account_id_foreign` foreign key (`account_id`) references `accounts` (`id`) on delete cascade on update cascade {"params":[],"time":18.8599999999999994315658113919198513031005859375} 
[2020-10-16 18:03:01] production.DEBUG: alter table `games` add constraint `games_provably_fair_game_id_foreign` foreign key (`provably_fair_game_id`) references `provably_fair_games` (`id`) on delete cascade on update cascade {"params":[],"time":20.75} 
[2020-10-16 18:03:01] production.DEBUG: insert into `migrations` (`migration`, `batch`) values (?, ?) {"params":["2019_11_02_000001_create_games_table",1],"time":1.229999999999999982236431605997495353221893310546875} 
[2020-10-16 18:03:01] production.DEBUG: create table `games_baccarat` (`id` bigint unsigned not null auto_increment primary key, `deck` varchar(280) not null, `bet_type` tinyint unsigned not null, `player_hand` varchar(30) not null, `player_score` tinyint unsigned not null, `banker_hand` varchar(30) not null, `banker_score` tinyint unsigned not null, `created_at` timestamp null, `updated_at` timestamp null) default character set utf8 collate 'utf8_unicode_ci' engine = InnoDB {"params":[],"time":11.4399999999999995026200849679298698902130126953125} 
[2020-10-16 18:03:01] production.DEBUG: insert into `migrations` (`migration`, `batch`) values (?, ?) {"params":["2019_11_03_000000_create_games_baccarat_table",1],"time":1.3200000000000000621724893790087662637233734130859375} 
[2020-10-16 18:03:01] production.DEBUG: create table `bonuses` (`id` bigint unsigned not null auto_increment primary key, `account_id` bigint unsigned not null, `type` tinyint unsigned not null, `amount` decimal(20, 2) not null, `created_at` timestamp null, `updated_at` timestamp null) default character set utf8 collate 'utf8_unicode_ci' engine = InnoDB {"params":[],"time":7.75} 
[2020-10-16 18:03:01] production.DEBUG: alter table `bonuses` add constraint `bonuses_account_id_foreign` foreign key (`account_id`) references `accounts` (`id`) on delete cascade on update cascade {"params":[],"time":22.089999999999999857891452847979962825775146484375} 
[2020-10-16 18:03:01] production.DEBUG: insert into `migrations` (`migration`, `batch`) values (?, ?) {"params":["2019_12_01_000000_create_bonuses_table",1],"time":0.81999999999999995115018691649311222136020660400390625} 
[2020-10-16 18:03:01] production.DEBUG: create table `affiliate_commissions` (`id` bigint unsigned not null auto_increment primary key, `account_id` bigint unsigned not null, `referral_account_id` bigint unsigned not null, `tier` tinyint unsigned not null, `type` tinyint unsigned not null, `status` tinyint unsigned not null, `amount` decimal(20, 2) not null, `commissionable_type` varchar(255) not null, `commissionable_id` bigint unsigned not null, `ip` varchar(45) not null, `created_at` timestamp null, `updated_at` timestamp null) default character set utf8 collate 'utf8_unicode_ci' engine = InnoDB {"params":[],"time":9.21000000000000085265128291212022304534912109375} 
[2020-10-16 18:03:01] production.DEBUG: alter table `affiliate_commissions` add index `affiliate_commission_morph`(`commissionable_type`, `commissionable_id`) {"params":[],"time":6.62000000000000010658141036401502788066864013671875} 
[2020-10-16 18:03:01] production.DEBUG: alter table `affiliate_commissions` add constraint `affiliate_commissions_account_id_foreign` foreign key (`account_id`) references `accounts` (`id`) on delete cascade on update cascade {"params":[],"time":29.379999999999999005240169935859739780426025390625} 
[2020-10-16 18:03:01] production.DEBUG: alter table `affiliate_commissions` add constraint `affiliate_commissions_referral_account_id_foreign` foreign key (`referral_account_id`) references `accounts` (`id`) on delete cascade on update cascade {"params":[],"time":81.0100000000000051159076974727213382720947265625} 
[2020-10-16 18:03:01] production.DEBUG: insert into `migrations` (`migration`, `batch`) values (?, ?) {"params":["2020_01_01_000000_create_affiliate_commissions_table",1],"time":1.70999999999999996447286321199499070644378662109375} 
[2020-10-16 18:03:01] production.DEBUG: create table `chat_rooms` (`id` bigint unsigned not null auto_increment primary key, `name` varchar(50) not null, `enabled` tinyint(1) not null default '1', `created_at` timestamp null, `updated_at` timestamp null) default character set utf8 collate 'utf8_unicode_ci' engine = InnoDB {"params":[],"time":12.3100000000000004973799150320701301097869873046875} 
[2020-10-16 18:03:01] production.DEBUG: alter table `chat_rooms` add index `chat_rooms_enabled_index`(`enabled`) {"params":[],"time":3.970000000000000195399252334027551114559173583984375} 
[2020-10-16 18:03:01] production.DEBUG: insert into `migrations` (`migration`, `batch`) values (?, ?) {"params":["2020_01_20_000000_create_chat_rooms_table",1],"time":1.1699999999999999289457264239899814128875732421875} 
[2020-10-16 18:03:01] production.DEBUG: create table `chat_messages` (`id` bigint unsigned not null auto_increment primary key, `room_id` bigint unsigned not null, `user_id` bigint unsigned not null, `message` text not null, `created_at` timestamp null, `updated_at` timestamp null) default character set utf8 collate 'utf8_unicode_ci' engine = InnoDB {"params":[],"time":6.80999999999999960920149533194489777088165283203125} 
[2020-10-16 18:03:01] production.DEBUG: alter table `chat_messages` add constraint `chat_messages_room_id_foreign` foreign key (`room_id`) references `chat_rooms` (`id`) on delete cascade on update cascade {"params":[],"time":59.82000000000000028421709430404007434844970703125} 
[2020-10-16 18:03:01] production.DEBUG: alter table `chat_messages` add constraint `chat_messages_user_id_foreign` foreign key (`user_id`) references `users` (`id`) on delete cascade on update cascade {"params":[],"time":11.71000000000000085265128291212022304534912109375} 
[2020-10-16 18:03:01] production.DEBUG: insert into `migrations` (`migration`, `batch`) values (?, ?) {"params":["2020_01_20_000010_create_chat_messages_table",1],"time":1.3200000000000000621724893790087662637233734130859375} 
[2020-10-16 18:03:01] production.DEBUG: create table `chat_message_recipients` (`id` bigint unsigned not null auto_increment primary key, `message_id` bigint unsigned not null, `user_id` bigint unsigned not null, `created_at` timestamp null, `updated_at` timestamp null) default character set utf8 collate 'utf8_unicode_ci' engine = InnoDB {"params":[],"time":4.88999999999999968025576890795491635799407958984375} 
[2020-10-16 18:03:01] production.DEBUG: alter table `chat_message_recipients` add constraint `chat_message_recipients_message_id_foreign` foreign key (`message_id`) references `chat_messages` (`id`) on delete cascade on update cascade {"params":[],"time":14.3699999999999992184029906638897955417633056640625} 
[2020-10-16 18:03:01] production.DEBUG: alter table `chat_message_recipients` add constraint `chat_message_recipients_user_id_foreign` foreign key (`user_id`) references `users` (`id`) on delete cascade on update cascade {"params":[],"time":14.2200000000000006394884621840901672840118408203125} 
[2020-10-16 18:03:01] production.DEBUG: alter table `chat_message_recipients` add unique `chat_message_recipients_message_id_user_id_unique`(`message_id`, `user_id`) {"params":[],"time":7.230000000000000426325641456060111522674560546875} 
[2020-10-16 18:03:01] production.DEBUG: insert into `migrations` (`migration`, `batch`) values (?, ?) {"params":["2020_01_20_000020_create_chat_message_recipients",1],"time":0.729999999999999982236431605997495353221893310546875} 
[2020-10-16 18:03:01] production.DEBUG: alter table `users` add `banned_from_chat` tinyint(1) not null default '0' after `status` {"params":[],"time":14.3900000000000005684341886080801486968994140625} 
[2020-10-16 18:03:01] production.DEBUG: insert into `migrations` (`migration`, `batch`) values (?, ?) {"params":["2020_01_22_063133_alter_users_table_add_banned_from_chat",1],"time":2.70000000000000017763568394002504646778106689453125} 
[2020-10-16 18:03:01] production.DEBUG: create table `game_rooms` (`id` bigint unsigned not null auto_increment primary key, `user_id` bigint unsigned not null, `name` varchar(50) not null, `gameable_type` varchar(255) not null, `status` tinyint unsigned not null, `parameters` text not null, `created_at` timestamp null, `updated_at` timestamp null) default character set utf8 collate 'utf8_unicode_ci' engine = InnoDB {"params":[],"time":6.730000000000000426325641456060111522674560546875} 
[2020-10-16 18:03:01] production.DEBUG: alter table `game_rooms` add constraint `game_rooms_user_id_foreign` foreign key (`user_id`) references `users` (`id`) on delete cascade on update cascade {"params":[],"time":17.510000000000001563194018672220408916473388671875} 
[2020-10-16 18:03:01] production.DEBUG: alter table `game_rooms` add index `game_rooms_gameable_type_status_index`(`gameable_type`, `status`) {"params":[],"time":4.839999999999999857891452847979962825775146484375} 
[2020-10-16 18:03:01] production.DEBUG: insert into `migrations` (`migration`, `batch`) values (?, ?) {"params":["2020_04_20_000001_create_game_rooms_table",1],"time":1.87999999999999989341858963598497211933135986328125} 
[2020-10-16 18:03:01] production.DEBUG: create table `game_room_players` (`id` bigint unsigned not null auto_increment primary key, `game_room_id` bigint unsigned not null, `user_id` bigint unsigned not null, `game_id` bigint unsigned null, `created_at` timestamp null, `updated_at` timestamp null) default character set utf8 collate 'utf8_unicode_ci' engine = InnoDB {"params":[],"time":6.82000000000000028421709430404007434844970703125} 
[2020-10-16 18:03:01] production.DEBUG: alter table `game_room_players` add constraint `game_room_players_game_room_id_foreign` foreign key (`game_room_id`) references `game_rooms` (`id`) on delete cascade on update cascade {"params":[],"time":22.46000000000000085265128291212022304534912109375} 
[2020-10-16 18:03:01] production.DEBUG: alter table `game_room_players` add constraint `game_room_players_user_id_foreign` foreign key (`user_id`) references `users` (`id`) on delete cascade on update cascade {"params":[],"time":56.71000000000000085265128291212022304534912109375} 
[2020-10-16 18:03:01] production.DEBUG: alter table `game_room_players` add constraint `game_room_players_game_id_foreign` foreign key (`game_id`) references `games` (`id`) on delete cascade on update cascade {"params":[],"time":37.6700000000000017053025658242404460906982421875} 
[2020-10-16 18:03:01] production.DEBUG: alter table `game_room_players` add unique `game_room_players_game_room_id_user_id_unique`(`game_room_id`, `user_id`) {"params":[],"time":8.9700000000000006394884621840901672840118408203125} 
[2020-10-16 18:03:01] production.DEBUG: insert into `migrations` (`migration`, `batch`) values (?, ?) {"params":["2020_04_20_000010_create_game_room_players_table",1],"time":1.2800000000000000266453525910037569701671600341796875} 
[2020-10-16 18:03:01] production.DEBUG: alter table `users` add `hide_profit` tinyint(1) not null default '0' after `status` {"params":[],"time":15.96000000000000085265128291212022304534912109375} 
[2020-10-16 18:03:01] production.DEBUG: insert into `migrations` (`migration`, `batch`) values (?, ?) {"params":["2020_06_24_064200_alter_users_table_add_hide_profit",1],"time":1.149999999999999911182158029987476766109466552734375} 
[2020-10-16 18:03:23] production.INFO: New user "Administrador" with email "clickdiego10@hotmail.com"  
[2020-10-16 18:03:23] production.DEBUG: insert into `users` (`referrer_id`, `name`, `email`, `role`, `password`, `status`, `email_verified_at`, `updated_at`, `created_at`) values (?, ?, ?, ?, ?, ?, ?, ?, ?) {"params":[null,"Administrador","clickdiego10@hotmail.com",2,"$2y$10$5y8xlCM1zIE3LDwMkeDvAuYQ3s6hxzE0iccdJ8Zg2ihl9uy74gJ3O",0,"2020-10-16 18:03:23","2020-10-16 18:03:23","2020-10-16 18:03:23"],"time":14.9399999999999995026200849679298698902130126953125} 
[2020-10-16 18:03:23] production.DEBUG: insert into `accounts` (`user_id`, `updated_at`, `created_at`) values (?, ?, ?) {"params":[1,"2020-10-16 18:03:23","2020-10-16 18:03:23"],"time":1.87999999999999989341858963598497211933135986328125} 
[2020-10-16 18:03:23] production.DEBUG: select * from `accounts` where `accounts`.`user_id` = ? and `accounts`.`user_id` is not null limit 1 {"params":[1],"time":1.060000000000000053290705182007513940334320068359375} 
[2020-10-16 18:03:23] production.DEBUG: insert into `bonuses` (`account_id`, `type`, `amount`, `updated_at`, `created_at`) values (?, ?, ?, ?, ?) {"params":[1,1,1000.0,"2020-10-16 18:03:23","2020-10-16 18:03:23"],"time":6.19000000000000039079850466805510222911834716796875} 
[2020-10-16 18:03:23] production.DEBUG: update `accounts` set `balance` = `balance` + 1000, `accounts`.`updated_at` = ? where `id` = ? {"params":["2020-10-16 18:03:23",1],"time":1.4099999999999999200639422269887290894985198974609375} 
[2020-10-16 18:03:23] production.DEBUG: insert into `account_transactions` (`account_id`, `amount`, `balance`, `transactionable_id`, `transactionable_type`, `updated_at`, `created_at`) values (?, ?, ?, ?, ?, ?, ?) {"params":[1,1000.0,1000.0,1,"App\\Models\\Bonus","2020-10-16 18:03:23","2020-10-16 18:03:23"],"time":0.289999999999999980015985556747182272374629974365234375} 
[2020-10-16 18:03:23] production.DEBUG: select * from `users` where `users`.`id` = ? limit 1 {"params":[1],"time":0.61999999999999999555910790149937383830547332763671875} 
